<?xml version="1.0" encoding="UTF-8" ?>
<testsuite errors="0" failures="0" hostname="sokolanas-lx" name="com.nixsolutions.collection.ArrayIteratorTest" skipped="0" tests="5" time="0.034" timestamp="2017-07-21T16:23:11">
  <properties>
    <property name="java.vendor" value="Oracle Corporation" />
    <property name="lib.dir" value="/home/NIX/sokolanas/MyTasks/antproject/lib" />
    <property name="sun.java.launcher" value="SUN_STANDARD" />
    <property name="sun.management.compiler" value="HotSpot 64-Bit Tiered Compilers" />
    <property name="checkstyle.home.dir" value="/home/NIX/sokolanas/MyTasks/antproject/lib/checkstyle-7.0.jar" />
    <property name="os.name" value="Linux" />
    <property name="sun.boot.class.path" value="/usr/lib/jvm/java-8-openjdk-amd64/jre/lib/resources.jar:/usr/lib/jvm/java-8-openjdk-amd64/jre/lib/rt.jar:/usr/lib/jvm/java-8-openjdk-amd64/jre/lib/sunrsasign.jar:/usr/lib/jvm/java-8-openjdk-amd64/jre/lib/jsse.jar:/usr/lib/jvm/java-8-openjdk-amd64/jre/lib/jce.jar:/usr/lib/jvm/java-8-openjdk-amd64/jre/lib/charsets.jar:/usr/lib/jvm/java-8-openjdk-amd64/jre/lib/jfr.jar:/usr/lib/jvm/java-8-openjdk-amd64/jre/classes" />
    <property name="sun.desktop" value="gnome" />
    <property name="java.vm.specification.vendor" value="Oracle Corporation" />
    <property name="net.sourceforge.cobertura.datafile" value="/home/NIX/sokolanas/MyTasks/antproject/report/temp/cobertura.ser" />
    <property name="ant.home" value="/usr/share/ant" />
    <property name="java.runtime.version" value="1.8.0_131-8u131-b11-0ubuntu1.16.04.2-b11" />
    <property name="user.name" value="sokolanas" />
    <property name="build.dir" value="/home/NIX/sokolanas/MyTasks/antproject/build" />
    <property name="src.java" value="/home/NIX/sokolanas/MyTasks/antproject/src" />
    <property name="user.language" value="en" />
    <property name="build.classes.java" value="/home/NIX/sokolanas/MyTasks/antproject/build/class/java" />
    <property name="sun.boot.library.path" value="/usr/lib/jvm/java-8-openjdk-amd64/jre/lib/amd64" />
    <property name="report.findbugs.dir" value="/home/NIX/sokolanas/MyTasks/antproject/report/findbugs" />
    <property name="ant.project.name" value="AntDefault" />
    <property name="java.version" value="1.8.0_131" />
    <property name="user.timezone" value="" />
    <property name="sun.arch.data.model" value="64" />
    <property name="java.endorsed.dirs" value="/usr/lib/jvm/java-8-openjdk-amd64/jre/lib/endorsed" />
    <property name="sun.cpu.isalist" value="" />
    <property name="sun.jnu.encoding" value="UTF-8" />
    <property name="file.encoding.pkg" value="sun.io" />
    <property name="file.separator" value="/" />
    <property name="java.specification.name" value="Java Platform API Specification" />
    <property name="java.class.version" value="52.0" />
    <property name="pmd.home.dir" value="/home/NIX/sokolanas/MyTasks/antproject/lib/pmd-4.3.jar" />
    <property name="user.country" value="US" />
    <property name="java.home" value="/usr/lib/jvm/java-8-openjdk-amd64/jre" />
    <property name="java.vm.info" value="mixed mode" />
    <property name="ant.file" value="/home/NIX/sokolanas/MyTasks/antproject/build.xml" />
    <property name="os.version" value="4.4.0-83-generic" />
    <property name="htm.dir" value="/home/NIX/sokolanas/MyTasks/antproject/html" />
    <property name="path.separator" value=":" />
    <property name="java.vm.version" value="25.131-b11" />
    <property name="report.dir" value="/home/NIX/sokolanas/MyTasks/antproject/report" />
    <property name="ant.library.dir" value="/usr/share/ant/lib" />
    <property name="java.awt.printerjob" value="sun.print.PSPrinterJob" />
    <property name="sun.io.unicode.encoding" value="UnicodeLittle" />
    <property name="awt.toolkit" value="sun.awt.X11.XToolkit" />
    <property name="report.temp.dir" value="/home/NIX/sokolanas/MyTasks/antproject/report/temp" />
    <property name="user.home" value="/home/NIX/sokolanas" />
    <property name="java.specification.vendor" value="Oracle Corporation" />
    <property name="java.library.path" value="/usr/java/packages/lib/amd64:/usr/lib/x86_64-linux-gnu/jni:/lib/x86_64-linux-gnu:/usr/lib/x86_64-linux-gnu:/usr/lib/jni:/lib:/usr/lib" />
    <property name="java.vendor.url" value="http://java.oracle.com/" />
    <property name="ant.file.type.AntDefault" value="file" />
    <property name="java.vm.vendor" value="Oracle Corporation" />
    <property name="java.runtime.name" value="OpenJDK Runtime Environment" />
    <property name="sun.java.command" value="org.apache.tools.ant.taskdefs.optional.junit.JUnitTestRunner com.nixsolutions.collection.ArrayIteratorTest skipNonTests=false filtertrace=true haltOnError=false haltOnFailure=false formatter=org.apache.tools.ant.taskdefs.optional.junit.SummaryJUnitResultFormatter showoutput=false outputtoformatters=true logfailedtests=true threadid=0 logtestlistenerevents=false formatter=org.apache.tools.ant.taskdefs.optional.junit.PlainJUnitResultFormatter,/home/NIX/sokolanas/MyTasks/antproject/TEST-com.nixsolutions.collection.ArrayIteratorTest.txt formatter=org.apache.tools.ant.taskdefs.optional.junit.XMLJUnitResultFormatter,/home/NIX/sokolanas/MyTasks/antproject/TEST-com.nixsolutions.collection.ArrayIteratorTest.xml crashfile=/home/NIX/sokolanas/MyTasks/antproject/junitvmwatcher1574469804147933673.properties propsfile=/home/NIX/sokolanas/MyTasks/antproject/junit5066725471810234495.properties" />
    <property name="java.class.path" value="/home/NIX/sokolanas/MyTasks/antproject/build/class/java:/home/NIX/sokolanas/MyTasks/antproject/lib/interfaces-2.0.2.jar:/home/NIX/sokolanas/MyTasks/antproject/lib/junit-4.11.jar:/home/NIX/sokolanas/MyTasks/antproject/lib/hamcrest-core-1.2.jar:/home/NIX/sokolanas/MyTasks/antproject/build/class/test:/home/NIX/sokolanas/MyTasks/antproject/lib/cobertura-2.1.1.jar:/home/NIX/sokolanas/MyTasks/antproject/lib/log4j-1.2.17.jar:/home/NIX/sokolanas/MyTasks/antproject/lib/slf4j-api-1.7.0.jar:/home/NIX/sokolanas/MyTasks/antproject/lib/slf4j-log4j12-1.7.25.jar:/usr/share/ant/lib/junit.jar:/usr/share/java/ant-launcher-1.9.6.jar:/usr/share/ant/lib/ant.jar:/usr/share/ant/lib/ant-junit.jar:/usr/share/ant/lib/ant-junit4.jar" />
    <property name="ant.version" value="Apache Ant(TM) version 1.9.6 compiled on July 8 2015" />
    <property name="report.junit.dir" value="/home/NIX/sokolanas/MyTasks/antproject/report/junit" />
    <property name="ant.file.AntDefault" value="/home/NIX/sokolanas/MyTasks/antproject/build.xml" />
    <property name="java.vm.specification.name" value="Java Virtual Machine Specification" />
    <property name="ant.file.type" value="file" />
    <property name="java.vm.specification.version" value="1.8" />
    <property name="sun.cpu.endian" value="little" />
    <property name="sun.os.patch.level" value="unknown" />
    <property name="src.test" value="/home/NIX/sokolanas/MyTasks/antproject/test" />
    <property name="java.io.tmpdir" value="/tmp" />
    <property name="java.vendor.url.bug" value="http://bugreport.sun.com/bugreport/" />
    <property name="build.classes.test" value="/home/NIX/sokolanas/MyTasks/antproject/build/class/test" />
    <property name="os.arch" value="amd64" />
    <property name="java.awt.graphicsenv" value="sun.awt.X11GraphicsEnvironment" />
    <property name="instrumented.dir" value="/home/NIX/sokolanas/MyTasks/antproject/instrumented" />
    <property name="cobertura.ser.file" value="/home/NIX/sokolanas/MyTasks/antproject/report/temp/cobertura.ser" />
    <property name="findbugs.home.dir" value="/home/NIX/sokolanas/MyTasks/antproject/lib/findbugs-3.0.1.jar" />
    <property name="java.ext.dirs" value="/usr/lib/jvm/java-8-openjdk-amd64/jre/lib/ext:/usr/java/packages/lib/ext" />
    <property name="user.dir" value="/home/NIX/sokolanas/MyTasks/antproject" />
    <property name="line.separator" value="&#xa;" />
    <property name="java.vm.name" value="OpenJDK 64-Bit Server VM" />
    <property name="cobertura.home.dir" value="/home/NIX/sokolanas/MyTasks/antproject/lib/cobertura-2.1.1.jar" />
    <property name="basedir" value="/home/NIX/sokolanas/MyTasks/antproject" />
    <property name="report.pmd.dir" value="/home/NIX/sokolanas/MyTasks/antproject/report/pmd" />
    <property name="ant.java.version" value="1.8" />
    <property name="report.cobertura.dir" value="/home/NIX/sokolanas/MyTasks/antproject/report/cobertura" />
    <property name="ant.core.lib" value="/usr/share/ant/lib/ant.jar" />
    <property name="file.encoding" value="UTF-8" />
    <property name="report.checkstyle.dir" value="/home/NIX/sokolanas/MyTasks/antproject/report/checkstyle" />
    <property name="java.specification.version" value="1.8" />
    <property name="ant.project.invoked-targets" value="report.junit" />
  </properties>
  <testcase classname="com.nixsolutions.collection.ArrayIteratorTest" name="testNext" time="0.003" />
  <testcase classname="com.nixsolutions.collection.ArrayIteratorTest" name="testRemoveException" time="0.002" />
  <testcase classname="com.nixsolutions.collection.ArrayIteratorTest" name="testHasNext" time="0.0" />
  <testcase classname="com.nixsolutions.collection.ArrayIteratorTest" name="testNextException" time="0.0" />
  <testcase classname="com.nixsolutions.collection.ArrayIteratorTest" name="testRemove" time="0.0" />
  <system-out><![CDATA[]]></system-out>
  <system-err><![CDATA[]]></system-err>
</testsuite>
